Started GET "/api/v1/flights" for ::1 at 2020-04-12 18:07:09 -0600
  [1m[35m (2.7ms)[0m  [1m[34mSELECT sqlite_version(*)[0m
  
ActiveRecord::PendingMigrationError (

Migrations are pending. To resolve this issue, run:

        rails db:migrate RAILS_ENV=development

):
  
activerecord (6.0.2.2) lib/active_record/migration.rb:587:in `check_pending!'
activerecord (6.0.2.2) lib/active_record/migration.rb:564:in `call'
actionpack (6.0.2.2) lib/action_dispatch/middleware/callbacks.rb:27:in `block in call'
activesupport (6.0.2.2) lib/active_support/callbacks.rb:101:in `run_callbacks'
actionpack (6.0.2.2) lib/action_dispatch/middleware/callbacks.rb:26:in `call'
actionpack (6.0.2.2) lib/action_dispatch/middleware/executor.rb:14:in `call'
actionpack (6.0.2.2) lib/action_dispatch/middleware/actionable_exceptions.rb:17:in `call'
actionpack (6.0.2.2) lib/action_dispatch/middleware/debug_exceptions.rb:32:in `call'
actionpack (6.0.2.2) lib/action_dispatch/middleware/show_exceptions.rb:33:in `call'
railties (6.0.2.2) lib/rails/rack/logger.rb:38:in `call_app'
railties (6.0.2.2) lib/rails/rack/logger.rb:26:in `block in call'
activesupport (6.0.2.2) lib/active_support/tagged_logging.rb:80:in `block in tagged'
activesupport (6.0.2.2) lib/active_support/tagged_logging.rb:28:in `tagged'
activesupport (6.0.2.2) lib/active_support/tagged_logging.rb:80:in `tagged'
railties (6.0.2.2) lib/rails/rack/logger.rb:26:in `call'
actionpack (6.0.2.2) lib/action_dispatch/middleware/remote_ip.rb:81:in `call'
actionpack (6.0.2.2) lib/action_dispatch/middleware/request_id.rb:27:in `call'
rack (2.2.2) lib/rack/runtime.rb:22:in `call'
activesupport (6.0.2.2) lib/active_support/cache/strategy/local_cache_middleware.rb:29:in `call'
actionpack (6.0.2.2) lib/action_dispatch/middleware/executor.rb:14:in `call'
actionpack (6.0.2.2) lib/action_dispatch/middleware/static.rb:126:in `call'
rack (2.2.2) lib/rack/sendfile.rb:110:in `call'
actionpack (6.0.2.2) lib/action_dispatch/middleware/host_authorization.rb:83:in `call'
rack-cors (1.1.1) lib/rack/cors.rb:100:in `call'
railties (6.0.2.2) lib/rails/engine.rb:526:in `call'
puma (4.3.3) lib/puma/configuration.rb:228:in `call'
puma (4.3.3) lib/puma/server.rb:682:in `handle_request'
puma (4.3.3) lib/puma/server.rb:472:in `process_client'
puma (4.3.3) lib/puma/server.rb:328:in `block in run'
puma (4.3.3) lib/puma/thread_pool.rb:134:in `block in spawn_thread'
Started GET "/api/v1/users" for ::1 at 2020-04-12 18:07:13 -0600
  
ActiveRecord::PendingMigrationError (

Migrations are pending. To resolve this issue, run:

        rails db:migrate RAILS_ENV=development

):
  
activerecord (6.0.2.2) lib/active_record/migration.rb:587:in `check_pending!'
activerecord (6.0.2.2) lib/active_record/migration.rb:564:in `call'
actionpack (6.0.2.2) lib/action_dispatch/middleware/callbacks.rb:27:in `block in call'
activesupport (6.0.2.2) lib/active_support/callbacks.rb:101:in `run_callbacks'
actionpack (6.0.2.2) lib/action_dispatch/middleware/callbacks.rb:26:in `call'
actionpack (6.0.2.2) lib/action_dispatch/middleware/executor.rb:14:in `call'
actionpack (6.0.2.2) lib/action_dispatch/middleware/actionable_exceptions.rb:17:in `call'
actionpack (6.0.2.2) lib/action_dispatch/middleware/debug_exceptions.rb:32:in `call'
actionpack (6.0.2.2) lib/action_dispatch/middleware/show_exceptions.rb:33:in `call'
railties (6.0.2.2) lib/rails/rack/logger.rb:38:in `call_app'
railties (6.0.2.2) lib/rails/rack/logger.rb:26:in `block in call'
activesupport (6.0.2.2) lib/active_support/tagged_logging.rb:80:in `block in tagged'
activesupport (6.0.2.2) lib/active_support/tagged_logging.rb:28:in `tagged'
activesupport (6.0.2.2) lib/active_support/tagged_logging.rb:80:in `tagged'
railties (6.0.2.2) lib/rails/rack/logger.rb:26:in `call'
actionpack (6.0.2.2) lib/action_dispatch/middleware/remote_ip.rb:81:in `call'
actionpack (6.0.2.2) lib/action_dispatch/middleware/request_id.rb:27:in `call'
rack (2.2.2) lib/rack/runtime.rb:22:in `call'
activesupport (6.0.2.2) lib/active_support/cache/strategy/local_cache_middleware.rb:29:in `call'
actionpack (6.0.2.2) lib/action_dispatch/middleware/executor.rb:14:in `call'
actionpack (6.0.2.2) lib/action_dispatch/middleware/static.rb:126:in `call'
rack (2.2.2) lib/rack/sendfile.rb:110:in `call'
actionpack (6.0.2.2) lib/action_dispatch/middleware/host_authorization.rb:83:in `call'
rack-cors (1.1.1) lib/rack/cors.rb:100:in `call'
railties (6.0.2.2) lib/rails/engine.rb:526:in `call'
puma (4.3.3) lib/puma/configuration.rb:228:in `call'
puma (4.3.3) lib/puma/server.rb:682:in `handle_request'
puma (4.3.3) lib/puma/server.rb:472:in `process_client'
puma (4.3.3) lib/puma/server.rb:328:in `block in run'
puma (4.3.3) lib/puma/thread_pool.rb:134:in `block in spawn_thread'
  [1m[35m (3.3ms)[0m  [1m[34mSELECT sqlite_version(*)[0m
  [1m[35m (1.3ms)[0m  [1m[35mCREATE TABLE "schema_migrations" ("version" varchar NOT NULL PRIMARY KEY)[0m
  [1m[35m (1.3ms)[0m  [1m[35mCREATE TABLE "ar_internal_metadata" ("key" varchar NOT NULL PRIMARY KEY, "value" varchar, "created_at" datetime(6) NOT NULL, "updated_at" datetime(6) NOT NULL)[0m
  [1m[35m (0.2ms)[0m  [1m[34mSELECT "schema_migrations"."version" FROM "schema_migrations" ORDER BY "schema_migrations"."version" ASC[0m
Migrating to CreateUsers (20200403210558)
  [1m[35m (0.0ms)[0m  [1m[36mbegin transaction[0m
  [1m[35m (0.5ms)[0m  [1m[35mCREATE TABLE "users" ("id" integer PRIMARY KEY AUTOINCREMENT NOT NULL, "first_name" varchar, "last_name" varchar, "email" varchar, "password_digest" varchar, "created_at" datetime(6) NOT NULL, "updated_at" datetime(6) NOT NULL)[0m
  [1m[36mprimary::SchemaMigration Create (0.2ms)[0m  [1m[32mINSERT INTO "schema_migrations" ("version") VALUES (?)[0m  [["version", "20200403210558"]]
  [1m[35m (1.2ms)[0m  [1m[36mcommit transaction[0m
Migrating to CreateMeals (20200413001547)
  [1m[35m (0.3ms)[0m  [1m[34mSELECT sqlite_version(*)[0m
  [1m[35m (0.1ms)[0m  [1m[34mSELECT "schema_migrations"."version" FROM "schema_migrations" ORDER BY "schema_migrations"."version" ASC[0m
Migrating to CreateMeals (20200413001547)
  [1m[35m (0.0ms)[0m  [1m[36mbegin transaction[0m
  [1m[35m (0.4ms)[0m  [1m[35mCREATE TABLE "meals" ("id" integer PRIMARY KEY AUTOINCREMENT NOT NULL, "date" date, "meal" varchar, "ingredients" varchar, "nutrition" varchar, "notes" text, "target" varchar, "created_at" datetime(6) NOT NULL, "updated_at" datetime(6) NOT NULL)[0m
  [1m[36mprimary::SchemaMigration Create (0.1ms)[0m  [1m[32mINSERT INTO "schema_migrations" ("version") VALUES (?)[0m  [["version", "20200413001547"]]
  [1m[35m (1.5ms)[0m  [1m[36mcommit transaction[0m
Migrating to CreateWorkouts (20200413013109)
  [1m[35m (0.0ms)[0m  [1m[36mbegin transaction[0m
  [1m[35m (0.4ms)[0m  [1m[35mCREATE TABLE "workouts" ("id" integer PRIMARY KEY AUTOINCREMENT NOT NULL, "date" date, "exercise" varchar, "reps" varchar, "sets" varchar, "status" boolean, "notes" text, "created_at" datetime(6) NOT NULL, "updated_at" datetime(6) NOT NULL)[0m
  [1m[36mprimary::SchemaMigration Create (0.2ms)[0m  [1m[32mINSERT INTO "schema_migrations" ("version") VALUES (?)[0m  [["version", "20200413013109"]]
  [1m[35m (1.0ms)[0m  [1m[36mcommit transaction[0m
  [1m[36mActiveRecord::InternalMetadata Load (0.3ms)[0m  [1m[34mSELECT "ar_internal_metadata".* FROM "ar_internal_metadata" WHERE "ar_internal_metadata"."key" = ? LIMIT ?[0m  [["key", "environment"], ["LIMIT", 1]]
  [1m[35m (0.0ms)[0m  [1m[36mbegin transaction[0m
  [1m[36mActiveRecord::InternalMetadata Create (0.3ms)[0m  [1m[32mINSERT INTO "ar_internal_metadata" ("key", "value", "created_at", "updated_at") VALUES (?, ?, ?, ?)[0m  [["key", "environment"], ["value", "development"], ["created_at", "2020-04-25 21:51:21.616291"], ["updated_at", "2020-04-25 21:51:21.616291"]]
  [1m[35m (1.2ms)[0m  [1m[36mcommit transaction[0m
  [1m[35m (0.0ms)[0m  [1m[34mSELECT sqlite_version(*)[0m
  [1m[35m (0.1ms)[0m  [1m[34mSELECT "schema_migrations"."version" FROM "schema_migrations" ORDER BY "schema_migrations"."version" ASC[0m
Started GET "/api/v1/users/2" for ::1 at 2020-04-25 15:54:04 -0600
  [1m[35m (1.0ms)[0m  [1m[34mSELECT sqlite_version(*)[0m
  [1m[35m (0.4ms)[0m  [1m[34mSELECT "schema_migrations"."version" FROM "schema_migrations" ORDER BY "schema_migrations"."version" ASC[0m
Processing by Api::V1::UsersController#show as HTML
  Parameters: {"id"=>"2"}
  [1m[36mUser Load (0.6ms)[0m  [1m[34mSELECT "users".* FROM "users" WHERE "users"."id" = ? LIMIT ?[0m  [["id", 2], ["LIMIT", 1]]
  ↳ app/controllers/api/v1/users_controller.rb:33:in `set_user'
Completed 404 Not Found in 30ms (ActiveRecord: 1.2ms | Allocations: 3971)


  
ActiveRecord::RecordNotFound (Couldn't find User with 'id'=2):
  
app/controllers/api/v1/users_controller.rb:33:in `set_user'
Started GET "/api/v1/users" for ::1 at 2020-04-25 15:54:08 -0600
Processing by Api::V1::UsersController#index as HTML
  [1m[36mUser Load (0.3ms)[0m  [1m[34mSELECT "users".* FROM "users"[0m
  ↳ app/controllers/api/v1/users_controller.rb:7:in `index'
Completed 200 OK in 5ms (Views: 2.3ms | ActiveRecord: 0.3ms | Allocations: 1161)


Started GET "/api/v1/users" for ::1 at 2020-04-25 15:55:18 -0600
Processing by Api::V1::UsersController#index as HTML
  [1m[36mUser Load (0.1ms)[0m  [1m[34mSELECT "users".* FROM "users"[0m
  ↳ app/controllers/api/v1/users_controller.rb:7:in `index'
Completed 200 OK in 2ms (Views: 1.4ms | ActiveRecord: 0.1ms | Allocations: 805)


Started GET "/api/v1/users" for ::1 at 2020-04-25 15:56:12 -0600
Processing by Api::V1::UsersController#index as HTML
  [1m[36mUser Load (0.3ms)[0m  [1m[34mSELECT "users".* FROM "users"[0m
  ↳ app/controllers/api/v1/users_controller.rb:7:in `index'
Completed 200 OK in 2ms (Views: 1.1ms | ActiveRecord: 0.3ms | Allocations: 822)


Started GET "/api/v1/users" for ::1 at 2020-04-25 15:56:33 -0600
Processing by Api::V1::UsersController#index as HTML
  [1m[36mUser Load (0.1ms)[0m  [1m[34mSELECT "users".* FROM "users"[0m
  ↳ app/controllers/api/v1/users_controller.rb:7:in `index'
Completed 200 OK in 2ms (Views: 1.7ms | ActiveRecord: 0.1ms | Allocations: 805)


  [1m[35m (1.3ms)[0m  [1m[34mSELECT sqlite_version(*)[0m
  [1m[35m (0.5ms)[0m  [1m[34mSELECT "schema_migrations"."version" FROM "schema_migrations" ORDER BY "schema_migrations"."version" ASC[0m
  [1m[35m (0.1ms)[0m  [1m[34mSELECT sqlite_version(*)[0m
  [1m[35m (0.0ms)[0m  [1m[35mPRAGMA foreign_keys[0m
  [1m[35m (0.0ms)[0m  [1m[35mPRAGMA defer_foreign_keys[0m
  [1m[35m (0.1ms)[0m  [1m[35mPRAGMA defer_foreign_keys = ON[0m
  [1m[35m (0.1ms)[0m  [1m[35mPRAGMA foreign_keys = OFF[0m
  [1m[35m (1.1ms)[0m  [1m[31mDELETE FROM "users";[0m
  [1m[35m (0.2ms)[0m  [1m[34mSELECT name FROM sqlite_master WHERE type='table' AND name='sqlite_sequence';[0m
  [1m[35m (0.4ms)[0m  [1m[31mDELETE FROM sqlite_sequence where name = 'users';[0m
  [1m[35m (0.7ms)[0m  [1m[31mDELETE FROM "meals";[0m
  [1m[35m (0.2ms)[0m  [1m[34mSELECT name FROM sqlite_master WHERE type='table' AND name='sqlite_sequence';[0m
  [1m[35m (0.1ms)[0m  [1m[31mDELETE FROM sqlite_sequence where name = 'meals';[0m
  [1m[35m (1.3ms)[0m  [1m[31mDELETE FROM "workouts";[0m
  [1m[35m (0.2ms)[0m  [1m[34mSELECT name FROM sqlite_master WHERE type='table' AND name='sqlite_sequence';[0m
  [1m[35m (0.1ms)[0m  [1m[31mDELETE FROM sqlite_sequence where name = 'workouts';[0m
  [1m[35m (0.0ms)[0m  [1m[35mPRAGMA defer_foreign_keys = 0[0m
  [1m[35m (0.0ms)[0m  [1m[35mPRAGMA foreign_keys = 1[0m
  [1m[35m (6.2ms)[0m  [1m[34mSELECT sqlite_version(*)[0m
  [1m[35m (0.2ms)[0m  [1m[34mSELECT "schema_migrations"."version" FROM "schema_migrations" ORDER BY "schema_migrations"."version" ASC[0m
  [1m[35m (0.1ms)[0m  [1m[34mSELECT sqlite_version(*)[0m
  [1m[35m (0.0ms)[0m  [1m[35mPRAGMA foreign_keys[0m
  [1m[35m (0.0ms)[0m  [1m[35mPRAGMA defer_foreign_keys[0m
  [1m[35m (0.0ms)[0m  [1m[35mPRAGMA defer_foreign_keys = ON[0m
  [1m[35m (0.0ms)[0m  [1m[35mPRAGMA foreign_keys = OFF[0m
  [1m[35m (1.5ms)[0m  [1m[31mDELETE FROM "users";[0m
  [1m[35m (0.2ms)[0m  [1m[34mSELECT name FROM sqlite_master WHERE type='table' AND name='sqlite_sequence';[0m
  [1m[35m (0.1ms)[0m  [1m[31mDELETE FROM sqlite_sequence where name = 'users';[0m
  [1m[35m (1.1ms)[0m  [1m[31mDELETE FROM "meals";[0m
  [1m[35m (0.2ms)[0m  [1m[34mSELECT name FROM sqlite_master WHERE type='table' AND name='sqlite_sequence';[0m
  [1m[35m (0.1ms)[0m  [1m[31mDELETE FROM sqlite_sequence where name = 'meals';[0m
  [1m[35m (1.0ms)[0m  [1m[31mDELETE FROM "workouts";[0m
  [1m[35m (0.1ms)[0m  [1m[34mSELECT name FROM sqlite_master WHERE type='table' AND name='sqlite_sequence';[0m
  [1m[35m (0.1ms)[0m  [1m[31mDELETE FROM sqlite_sequence where name = 'workouts';[0m
  [1m[35m (0.0ms)[0m  [1m[35mPRAGMA defer_foreign_keys = 0[0m
  [1m[35m (0.0ms)[0m  [1m[35mPRAGMA foreign_keys = 1[0m
  [1m[35m (0.1ms)[0m  [1m[36mbegin transaction[0m
  [1m[36mUser Exists? (0.2ms)[0m  [1m[34mSELECT 1 AS one FROM "users" WHERE "users"."email" = ? LIMIT ?[0m  [["email", "scout@email.com"], ["LIMIT", 1]]
  [1m[36mUser Create (0.4ms)[0m  [1m[32mINSERT INTO "users" ("first_name", "last_name", "email", "password_digest", "created_at", "updated_at") VALUES (?, ?, ?, ?, ?, ?)[0m  [["first_name", "Kelsey"], ["last_name", "Low"], ["email", "scout@email.com"], ["password_digest", "$2a$12$afpasT21cvvkvh86W4kDFe80xz04mKAnazNnkG8sUcXvcu2Wn5k3K"], ["created_at", "2020-04-25 21:58:56.919083"], ["updated_at", "2020-04-25 21:58:56.919083"]]
  [1m[35m (1.2ms)[0m  [1m[36mcommit transaction[0m
  [1m[35m (0.0ms)[0m  [1m[36mbegin transaction[0m
  [1m[36mUser Exists? (0.1ms)[0m  [1m[34mSELECT 1 AS one FROM "users" WHERE "users"."email" = ? LIMIT ?[0m  [["email", "roamer@email.com"], ["LIMIT", 1]]
  [1m[36mUser Create (0.2ms)[0m  [1m[32mINSERT INTO "users" ("first_name", "last_name", "email", "password_digest", "created_at", "updated_at") VALUES (?, ?, ?, ?, ?, ?)[0m  [["first_name", "Conrad"], ["last_name", "Porter"], ["email", "roamer@email.com"], ["password_digest", "$2a$12$sDXDDLSG38wvydl.ZdoebOYW6iskrmJ3PqutjZPrfNqlqPVXbg1/S"], ["created_at", "2020-04-25 21:58:57.142286"], ["updated_at", "2020-04-25 21:58:57.142286"]]
  [1m[35m (1.1ms)[0m  [1m[36mcommit transaction[0m
Started GET "/api/v1/users" for ::1 at 2020-04-25 15:59:00 -0600
  [1m[35m (0.1ms)[0m  [1m[34mSELECT sqlite_version(*)[0m
Processing by Api::V1::UsersController#index as HTML
  [1m[36mUser Load (0.2ms)[0m  [1m[34mSELECT "users".* FROM "users"[0m
  ↳ app/controllers/api/v1/users_controller.rb:7:in `index'
Completed 200 OK in 12ms (Views: 6.6ms | ActiveRecord: 0.9ms | Allocations: 7602)


  [1m[35m (6.5ms)[0m  [1m[34mSELECT sqlite_version(*)[0m
  [1m[35m (0.2ms)[0m  [1m[34mSELECT "schema_migrations"."version" FROM "schema_migrations" ORDER BY "schema_migrations"."version" ASC[0m
Migrating to AddUserIdToMeals (20200425222315)
  [1m[35m (0.0ms)[0m  [1m[36mbegin transaction[0m
  [1m[35m (0.5ms)[0m  [1m[35mALTER TABLE "meals" ADD "user_id" integer[0m
  [1m[36mprimary::SchemaMigration Create (0.2ms)[0m  [1m[32mINSERT INTO "schema_migrations" ("version") VALUES (?)[0m  [["version", "20200425222315"]]
  [1m[35m (0.8ms)[0m  [1m[36mcommit transaction[0m
Migrating to AddUserIdToWorkouts (20200425222349)
  [1m[35m (0.0ms)[0m  [1m[36mbegin transaction[0m
  [1m[35m (0.5ms)[0m  [1m[35mALTER TABLE "workouts" ADD "user_id" integer[0m
  [1m[36mprimary::SchemaMigration Create (0.1ms)[0m  [1m[32mINSERT INTO "schema_migrations" ("version") VALUES (?)[0m  [["version", "20200425222349"]]
  [1m[35m (0.6ms)[0m  [1m[36mcommit transaction[0m
  [1m[36mActiveRecord::InternalMetadata Load (0.2ms)[0m  [1m[34mSELECT "ar_internal_metadata".* FROM "ar_internal_metadata" WHERE "ar_internal_metadata"."key" = ? LIMIT ?[0m  [["key", "environment"], ["LIMIT", 1]]
  [1m[35m (0.0ms)[0m  [1m[34mSELECT sqlite_version(*)[0m
  [1m[35m (0.2ms)[0m  [1m[34mSELECT "schema_migrations"."version" FROM "schema_migrations" ORDER BY "schema_migrations"."version" ASC[0m
  [1m[35m (6.8ms)[0m  [1m[34mSELECT sqlite_version(*)[0m
  [1m[35m (0.5ms)[0m  [1m[34mSELECT "schema_migrations"."version" FROM "schema_migrations" ORDER BY "schema_migrations"."version" ASC[0m
  [1m[35m (0.1ms)[0m  [1m[34mSELECT sqlite_version(*)[0m
  [1m[35m (0.0ms)[0m  [1m[35mPRAGMA foreign_keys[0m
  [1m[35m (0.0ms)[0m  [1m[35mPRAGMA defer_foreign_keys[0m
  [1m[35m (0.0ms)[0m  [1m[35mPRAGMA defer_foreign_keys = ON[0m
  [1m[35m (0.0ms)[0m  [1m[35mPRAGMA foreign_keys = OFF[0m
  [1m[35m (1.7ms)[0m  [1m[31mDELETE FROM "users";[0m
  [1m[35m (0.2ms)[0m  [1m[34mSELECT name FROM sqlite_master WHERE type='table' AND name='sqlite_sequence';[0m
  [1m[35m (1.6ms)[0m  [1m[31mDELETE FROM sqlite_sequence where name = 'users';[0m
  [1m[35m (0.9ms)[0m  [1m[31mDELETE FROM "meals";[0m
  [1m[35m (0.1ms)[0m  [1m[34mSELECT name FROM sqlite_master WHERE type='table' AND name='sqlite_sequence';[0m
  [1m[35m (0.1ms)[0m  [1m[31mDELETE FROM sqlite_sequence where name = 'meals';[0m
  [1m[35m (1.3ms)[0m  [1m[31mDELETE FROM "workouts";[0m
  [1m[35m (0.2ms)[0m  [1m[34mSELECT name FROM sqlite_master WHERE type='table' AND name='sqlite_sequence';[0m
  [1m[35m (0.1ms)[0m  [1m[31mDELETE FROM sqlite_sequence where name = 'workouts';[0m
  [1m[35m (0.0ms)[0m  [1m[35mPRAGMA defer_foreign_keys = 0[0m
  [1m[35m (0.0ms)[0m  [1m[35mPRAGMA foreign_keys = 1[0m
  [1m[35m (0.1ms)[0m  [1m[36mbegin transaction[0m
  [1m[36mUser Exists? (0.1ms)[0m  [1m[34mSELECT 1 AS one FROM "users" WHERE "users"."email" = ? LIMIT ?[0m  [["email", "scout@email.com"], ["LIMIT", 1]]
  [1m[36mUser Create (0.3ms)[0m  [1m[32mINSERT INTO "users" ("first_name", "last_name", "email", "password_digest", "created_at", "updated_at") VALUES (?, ?, ?, ?, ?, ?)[0m  [["first_name", "Kelsey"], ["last_name", "Low"], ["email", "scout@email.com"], ["password_digest", "$2a$12$o3Oo9.ngdhriUMqibZremeK6gc6lq5JRxwyu/lBoXjSJm0Qgvn0h."], ["created_at", "2020-04-25 22:31:59.525903"], ["updated_at", "2020-04-25 22:31:59.525903"]]
  [1m[35m (1.2ms)[0m  [1m[36mcommit transaction[0m
  [1m[35m (0.1ms)[0m  [1m[36mbegin transaction[0m
  [1m[36mUser Exists? (0.1ms)[0m  [1m[34mSELECT 1 AS one FROM "users" WHERE "users"."email" = ? LIMIT ?[0m  [["email", "roamer@email.com"], ["LIMIT", 1]]
  [1m[36mUser Create (0.3ms)[0m  [1m[32mINSERT INTO "users" ("first_name", "last_name", "email", "password_digest", "created_at", "updated_at") VALUES (?, ?, ?, ?, ?, ?)[0m  [["first_name", "Conrad"], ["last_name", "Porter"], ["email", "roamer@email.com"], ["password_digest", "$2a$12$qvcrOHSuvRrdwY5V9GlpzOLefIxhr10EV4dFTIfMDv.PsMOTXPlj."], ["created_at", "2020-04-25 22:31:59.746025"], ["updated_at", "2020-04-25 22:31:59.746025"]]
  [1m[35m (1.3ms)[0m  [1m[36mcommit transaction[0m
  [1m[35m (1.1ms)[0m  [1m[34mSELECT sqlite_version(*)[0m
  [1m[35m (0.2ms)[0m  [1m[34mSELECT "schema_migrations"."version" FROM "schema_migrations" ORDER BY "schema_migrations"."version" ASC[0m
  [1m[35m (0.1ms)[0m  [1m[34mSELECT sqlite_version(*)[0m
  [1m[35m (0.1ms)[0m  [1m[35mPRAGMA foreign_keys[0m
  [1m[35m (0.1ms)[0m  [1m[35mPRAGMA defer_foreign_keys[0m
  [1m[35m (0.0ms)[0m  [1m[35mPRAGMA defer_foreign_keys = ON[0m
  [1m[35m (0.1ms)[0m  [1m[35mPRAGMA foreign_keys = OFF[0m
  [1m[35m (1.1ms)[0m  [1m[31mDELETE FROM "users";[0m
  [1m[35m (0.2ms)[0m  [1m[34mSELECT name FROM sqlite_master WHERE type='table' AND name='sqlite_sequence';[0m
  [1m[35m (1.5ms)[0m  [1m[31mDELETE FROM sqlite_sequence where name = 'users';[0m
  [1m[35m (1.0ms)[0m  [1m[31mDELETE FROM "meals";[0m
  [1m[35m (0.2ms)[0m  [1m[34mSELECT name FROM sqlite_master WHERE type='table' AND name='sqlite_sequence';[0m
  [1m[35m (0.1ms)[0m  [1m[31mDELETE FROM sqlite_sequence where name = 'meals';[0m
  [1m[35m (1.1ms)[0m  [1m[31mDELETE FROM "workouts";[0m
  [1m[35m (0.1ms)[0m  [1m[34mSELECT name FROM sqlite_master WHERE type='table' AND name='sqlite_sequence';[0m
  [1m[35m (0.1ms)[0m  [1m[31mDELETE FROM sqlite_sequence where name = 'workouts';[0m
  [1m[35m (0.1ms)[0m  [1m[35mPRAGMA defer_foreign_keys = 0[0m
  [1m[35m (0.1ms)[0m  [1m[35mPRAGMA foreign_keys = 1[0m
  [1m[35m (0.1ms)[0m  [1m[36mbegin transaction[0m
  [1m[36mUser Exists? (0.2ms)[0m  [1m[34mSELECT 1 AS one FROM "users" WHERE "users"."email" = ? LIMIT ?[0m  [["email", "scout@email.com"], ["LIMIT", 1]]
  [1m[36mUser Create (0.3ms)[0m  [1m[32mINSERT INTO "users" ("first_name", "last_name", "email", "password_digest", "created_at", "updated_at") VALUES (?, ?, ?, ?, ?, ?)[0m  [["first_name", "Kelsey"], ["last_name", "Low"], ["email", "scout@email.com"], ["password_digest", "$2a$12$SfsXYRonYNo1czxVmnHzYuGMU8cHhxyH9tDq2R8CrTHDsacBhdove"], ["created_at", "2020-04-25 22:32:33.868262"], ["updated_at", "2020-04-25 22:32:33.868262"]]
  [1m[35m (1.2ms)[0m  [1m[36mcommit transaction[0m
  [1m[35m (0.0ms)[0m  [1m[36mbegin transaction[0m
  [1m[36mUser Exists? (0.1ms)[0m  [1m[34mSELECT 1 AS one FROM "users" WHERE "users"."email" = ? LIMIT ?[0m  [["email", "roamer@email.com"], ["LIMIT", 1]]
  [1m[36mUser Create (0.3ms)[0m  [1m[32mINSERT INTO "users" ("first_name", "last_name", "email", "password_digest", "created_at", "updated_at") VALUES (?, ?, ?, ?, ?, ?)[0m  [["first_name", "Conrad"], ["last_name", "Porter"], ["email", "roamer@email.com"], ["password_digest", "$2a$12$K4punrpAGs9G9aMfkW9Nd.XMcxWTtJRrrs51XiQW8NJPvnM2Apo2O"], ["created_at", "2020-04-25 22:32:34.090983"], ["updated_at", "2020-04-25 22:32:34.090983"]]
  [1m[35m (2.4ms)[0m  [1m[36mcommit transaction[0m
  [1m[35m (1.7ms)[0m  [1m[34mSELECT sqlite_version(*)[0m
  [1m[35m (0.2ms)[0m  [1m[34mSELECT "schema_migrations"."version" FROM "schema_migrations" ORDER BY "schema_migrations"."version" ASC[0m
  [1m[35m (0.1ms)[0m  [1m[34mSELECT sqlite_version(*)[0m
  [1m[35m (0.1ms)[0m  [1m[35mPRAGMA foreign_keys[0m
  [1m[35m (0.0ms)[0m  [1m[35mPRAGMA defer_foreign_keys[0m
  [1m[35m (0.1ms)[0m  [1m[35mPRAGMA defer_foreign_keys = ON[0m
  [1m[35m (0.0ms)[0m  [1m[35mPRAGMA foreign_keys = OFF[0m
  [1m[35m (1.1ms)[0m  [1m[31mDELETE FROM "users";[0m
  [1m[35m (0.1ms)[0m  [1m[34mSELECT name FROM sqlite_master WHERE type='table' AND name='sqlite_sequence';[0m
  [1m[35m (1.1ms)[0m  [1m[31mDELETE FROM sqlite_sequence where name = 'users';[0m
  [1m[35m (1.1ms)[0m  [1m[31mDELETE FROM "meals";[0m
  [1m[35m (0.1ms)[0m  [1m[34mSELECT name FROM sqlite_master WHERE type='table' AND name='sqlite_sequence';[0m
  [1m[35m (0.1ms)[0m  [1m[31mDELETE FROM sqlite_sequence where name = 'meals';[0m
  [1m[35m (0.8ms)[0m  [1m[31mDELETE FROM "workouts";[0m
  [1m[35m (0.1ms)[0m  [1m[34mSELECT name FROM sqlite_master WHERE type='table' AND name='sqlite_sequence';[0m
  [1m[35m (0.1ms)[0m  [1m[31mDELETE FROM sqlite_sequence where name = 'workouts';[0m
  [1m[35m (0.0ms)[0m  [1m[35mPRAGMA defer_foreign_keys = 0[0m
  [1m[35m (0.0ms)[0m  [1m[35mPRAGMA foreign_keys = 1[0m
  [1m[35m (0.1ms)[0m  [1m[36mbegin transaction[0m
  [1m[36mUser Exists? (0.2ms)[0m  [1m[34mSELECT 1 AS one FROM "users" WHERE "users"."email" = ? LIMIT ?[0m  [["email", "scout@email.com"], ["LIMIT", 1]]
  [1m[36mUser Create (0.4ms)[0m  [1m[32mINSERT INTO "users" ("first_name", "last_name", "email", "password_digest", "created_at", "updated_at") VALUES (?, ?, ?, ?, ?, ?)[0m  [["first_name", "Kelsey"], ["last_name", "Low"], ["email", "scout@email.com"], ["password_digest", "$2a$12$FCDC0/EwyBbA94s2341eneBEKUk09VTEj5uqrToXhmjS3e6DDpyqO"], ["created_at", "2020-04-25 22:33:23.700502"], ["updated_at", "2020-04-25 22:33:23.700502"]]
  [1m[35m (0.7ms)[0m  [1m[36mcommit transaction[0m
  [1m[35m (0.0ms)[0m  [1m[36mbegin transaction[0m
  [1m[36mUser Exists? (0.1ms)[0m  [1m[34mSELECT 1 AS one FROM "users" WHERE "users"."email" = ? LIMIT ?[0m  [["email", "roamer@email.com"], ["LIMIT", 1]]
  [1m[36mUser Create (0.2ms)[0m  [1m[32mINSERT INTO "users" ("first_name", "last_name", "email", "password_digest", "created_at", "updated_at") VALUES (?, ?, ?, ?, ?, ?)[0m  [["first_name", "Conrad"], ["last_name", "Porter"], ["email", "roamer@email.com"], ["password_digest", "$2a$12$FQ7EPS/Lo5jFnZmE40W70u0BjGDCEGAmyLUu4dzeetIjWcW9cnBYW"], ["created_at", "2020-04-25 22:33:23.929177"], ["updated_at", "2020-04-25 22:33:23.929177"]]
  [1m[35m (2.0ms)[0m  [1m[36mcommit transaction[0m
  [1m[35m (0.0ms)[0m  [1m[36mbegin transaction[0m
  [1m[36mUser Load (0.1ms)[0m  [1m[34mSELECT "users".* FROM "users" WHERE "users"."id" = ? LIMIT ?[0m  [["id", 2], ["LIMIT", 1]]
  [1m[36mMeal Create (0.3ms)[0m  [1m[32mINSERT INTO "meals" ("date", "meal", "ingredients", "nutrition", "notes", "target", "created_at", "updated_at", "user_id") VALUES (?, ?, ?, ?, ?, ?, ?, ?, ?)[0m  [["date", "2020-04-20"], ["meal", "Breakfast"], ["ingredients", "1 tsp butter, 2 large eggs, 1 dash pepper, 1 dash salt, 0.25 tsp garlic powder"], ["nutrition", "197 calories, 1.4g carbs, 14.5g fats, 14.2g proteins"], ["notes", ""], ["target", "2000 calories, 50% carbs, 25% fats, 25% proteins"], ["created_at", "2020-04-25 22:33:23.963883"], ["updated_at", "2020-04-25 22:33:23.963883"], ["user_id", 2]]
  [1m[35m (1.0ms)[0m  [1m[36mcommit transaction[0m
  [1m[35m (0.0ms)[0m  [1m[36mbegin transaction[0m
  [1m[36mUser Load (0.1ms)[0m  [1m[34mSELECT "users".* FROM "users" WHERE "users"."id" = ? LIMIT ?[0m  [["id", 1], ["LIMIT", 1]]
  [1m[36mMeal Create (0.3ms)[0m  [1m[32mINSERT INTO "meals" ("date", "meal", "ingredients", "nutrition", "notes", "target", "created_at", "updated_at", "user_id") VALUES (?, ?, ?, ?, ?, ?, ?, ?, ?)[0m  [["date", "2020-04-21"], ["meal", "Lunch"], ["ingredients", "1 cup 1% cottage cheese, 1 cup strawberries, 2 tbsp maple syrup"], ["nutrition", "313 calories, 44g carbs, 2.8g fats, 29g proteins"], ["notes", "Love this recipe! Optionally include 1 tsp vanilla extract for more flavor."], ["target", "1400 calories, 45% carbs, 25% fats, 30% proteins"], ["created_at", "2020-04-25 22:33:23.969793"], ["updated_at", "2020-04-25 22:33:23.969793"], ["user_id", 1]]
  [1m[35m (1.1ms)[0m  [1m[36mcommit transaction[0m
  [1m[35m (0.0ms)[0m  [1m[36mbegin transaction[0m
  [1m[36mUser Load (0.1ms)[0m  [1m[34mSELECT "users".* FROM "users" WHERE "users"."id" = ? LIMIT ?[0m  [["id", 1], ["LIMIT", 1]]
  [1m[36mMeal Create (0.3ms)[0m  [1m[32mINSERT INTO "meals" ("date", "meal", "ingredients", "nutrition", "notes", "target", "created_at", "updated_at", "user_id") VALUES (?, ?, ?, ?, ?, ?, ?, ?, ?)[0m  [["date", "2020-04-22"], ["meal", "Dinner"], ["ingredients", "2 slices whole wheat bread, 2 tbsp hummus, 3 oz red peppers, 0.25 cup onions, 0.5 cup spinach"], ["nutrition", "233 calories, 36.9g carbs, 4.9g fats, 10.1g proteins"], ["notes", "Red bell peppers can be roasted or raw."], ["target", "1400 calories, 45% carbs, 25% fats, 30% proteins"], ["created_at", "2020-04-25 22:33:23.975561"], ["updated_at", "2020-04-25 22:33:23.975561"], ["user_id", 1]]
  [1m[35m (1.1ms)[0m  [1m[36mcommit transaction[0m
Started GET "/api/v1/meals" for ::1 at 2020-04-25 16:33:55 -0600
  [1m[35m (0.1ms)[0m  [1m[34mSELECT sqlite_version(*)[0m
  [1m[35m (0.2ms)[0m  [1m[34mSELECT "schema_migrations"."version" FROM "schema_migrations" ORDER BY "schema_migrations"."version" ASC[0m
Processing by Api::V1::MealsController#index as HTML
Completed 500 Internal Server Error in 67ms (ActiveRecord: 0.0ms | Allocations: 35964)


  
NoMethodError (undefined method `logged_in?' for #<Api::V1::MealsController:0x00007fb4fa114368>
Did you mean?  logger):
  
app/controllers/api/v1/meals_controller.rb:6:in `index'
Started GET "/api/v1/meals" for ::1 at 2020-04-25 16:34:13 -0600
  [1m[35m (0.0ms)[0m  [1m[34mSELECT sqlite_version(*)[0m
Processing by Api::V1::MealsController#index as HTML
Completed 500 Internal Server Error in 112ms (ActiveRecord: 0.0ms | Allocations: 70496)


  
NameError (undefined local variable or method `current_user' for #<Api::V1::MealsController:0x00007fb4f6cc5878>):
  
app/controllers/api/v1/meals_controller.rb:7:in `index'
Started GET "/api/v1/meals" for ::1 at 2020-04-25 16:34:40 -0600
  [1m[35m (0.1ms)[0m  [1m[34mSELECT sqlite_version(*)[0m
Processing by Api::V1::MealsController#index as HTML
  [1m[36mMeal Load (0.3ms)[0m  [1m[34mSELECT "meals".* FROM "meals"[0m
  ↳ app/controllers/api/v1/meals_controller.rb:9:in `index'
Completed 500 Internal Server Error in 18ms (Views: 10.2ms | ActiveRecord: 1.3ms | Allocations: 9092)


  
AbstractController::DoubleRenderError (Render and/or redirect were called multiple times in this action. Please note that you may only call render OR redirect, and at most once per action. Also note that neither redirect nor render terminate execution of the action, so if you want to exit an action after redirecting, you need to do something like "redirect_to(...) and return".):
  
app/controllers/api/v1/meals_controller.rb:11:in `index'
Started GET "/api/v1/meals" for ::1 at 2020-04-25 16:34:57 -0600
  [1m[35m (0.0ms)[0m  [1m[34mSELECT sqlite_version(*)[0m
Processing by Api::V1::MealsController#index as HTML
  [1m[36mMeal Load (0.2ms)[0m  [1m[34mSELECT "meals".* FROM "meals"[0m
  ↳ app/controllers/api/v1/meals_controller.rb:9:in `index'
Completed 200 OK in 11ms (Views: 7.7ms | ActiveRecord: 0.6ms | Allocations: 8509)


  [1m[35m (7.0ms)[0m  [1m[34mSELECT sqlite_version(*)[0m
  [1m[35m (0.5ms)[0m  [1m[34mSELECT "schema_migrations"."version" FROM "schema_migrations" ORDER BY "schema_migrations"."version" ASC[0m
  [1m[35m (0.1ms)[0m  [1m[34mSELECT sqlite_version(*)[0m
  [1m[35m (0.1ms)[0m  [1m[35mPRAGMA foreign_keys[0m
  [1m[35m (0.1ms)[0m  [1m[35mPRAGMA defer_foreign_keys[0m
  [1m[35m (0.1ms)[0m  [1m[35mPRAGMA defer_foreign_keys = ON[0m
  [1m[35m (0.3ms)[0m  [1m[35mPRAGMA foreign_keys = OFF[0m
  [1m[35m (1.6ms)[0m  [1m[31mDELETE FROM "users";[0m
  [1m[35m (0.2ms)[0m  [1m[34mSELECT name FROM sqlite_master WHERE type='table' AND name='sqlite_sequence';[0m
  [1m[35m (1.6ms)[0m  [1m[31mDELETE FROM sqlite_sequence where name = 'users';[0m
  [1m[35m (0.8ms)[0m  [1m[31mDELETE FROM "meals";[0m
  [1m[35m (0.1ms)[0m  [1m[34mSELECT name FROM sqlite_master WHERE type='table' AND name='sqlite_sequence';[0m
  [1m[35m (0.9ms)[0m  [1m[31mDELETE FROM sqlite_sequence where name = 'meals';[0m
  [1m[35m (1.1ms)[0m  [1m[31mDELETE FROM "workouts";[0m
  [1m[35m (0.2ms)[0m  [1m[34mSELECT name FROM sqlite_master WHERE type='table' AND name='sqlite_sequence';[0m
  [1m[35m (0.2ms)[0m  [1m[31mDELETE FROM sqlite_sequence where name = 'workouts';[0m
  [1m[35m (0.1ms)[0m  [1m[35mPRAGMA defer_foreign_keys = 0[0m
  [1m[35m (0.0ms)[0m  [1m[35mPRAGMA foreign_keys = 1[0m
  [1m[35m (0.1ms)[0m  [1m[36mbegin transaction[0m
  [1m[36mUser Exists? (0.2ms)[0m  [1m[34mSELECT 1 AS one FROM "users" WHERE "users"."email" = ? LIMIT ?[0m  [["email", "scout@email.com"], ["LIMIT", 1]]
  [1m[36mUser Create (0.4ms)[0m  [1m[32mINSERT INTO "users" ("first_name", "last_name", "email", "password_digest", "created_at", "updated_at") VALUES (?, ?, ?, ?, ?, ?)[0m  [["first_name", "Kelsey"], ["last_name", "Low"], ["email", "scout@email.com"], ["password_digest", "$2a$12$bpJ/JuHAzaZBb.cZVozGyOEeZKr.8g77FlFdFn6KYMegtOAiPwR/C"], ["created_at", "2020-04-25 23:22:21.513572"], ["updated_at", "2020-04-25 23:22:21.513572"]]
  [1m[35m (1.1ms)[0m  [1m[36mcommit transaction[0m
  [1m[35m (0.0ms)[0m  [1m[36mbegin transaction[0m
  [1m[36mUser Exists? (0.1ms)[0m  [1m[34mSELECT 1 AS one FROM "users" WHERE "users"."email" = ? LIMIT ?[0m  [["email", "roamer@email.com"], ["LIMIT", 1]]
  [1m[36mUser Create (0.2ms)[0m  [1m[32mINSERT INTO "users" ("first_name", "last_name", "email", "password_digest", "created_at", "updated_at") VALUES (?, ?, ?, ?, ?, ?)[0m  [["first_name", "Conrad"], ["last_name", "Porter"], ["email", "roamer@email.com"], ["password_digest", "$2a$12$vfHApqNBod3AxheQaE5VhuU0OS3bx6TsTma/0aXQyJqsypUeEWz52"], ["created_at", "2020-04-25 23:22:21.731603"], ["updated_at", "2020-04-25 23:22:21.731603"]]
  [1m[35m (1.0ms)[0m  [1m[36mcommit transaction[0m
  [1m[35m (0.1ms)[0m  [1m[36mbegin transaction[0m
  [1m[36mUser Load (0.2ms)[0m  [1m[34mSELECT "users".* FROM "users" WHERE "users"."id" = ? LIMIT ?[0m  [["id", 2], ["LIMIT", 1]]
  [1m[36mMeal Create (0.4ms)[0m  [1m[32mINSERT INTO "meals" ("date", "meal", "ingredients", "nutrition", "notes", "target", "created_at", "updated_at", "user_id") VALUES (?, ?, ?, ?, ?, ?, ?, ?, ?)[0m  [["date", "2020-04-20"], ["meal", "Breakfast"], ["ingredients", "1 tsp butter, 2 large eggs, 1 dash pepper, 1 dash salt, 0.25 tsp garlic powder"], ["nutrition", "197 calories, 1.4g carbs, 14.5g fats, 14.2g proteins"], ["notes", ""], ["target", "2000 calories, 50% carbs, 25% fats, 25% proteins"], ["created_at", "2020-04-25 23:22:21.779070"], ["updated_at", "2020-04-25 23:22:21.779070"], ["user_id", 2]]
  [1m[35m (1.0ms)[0m  [1m[36mcommit transaction[0m
  [1m[35m (0.0ms)[0m  [1m[36mbegin transaction[0m
  [1m[36mUser Load (0.1ms)[0m  [1m[34mSELECT "users".* FROM "users" WHERE "users"."id" = ? LIMIT ?[0m  [["id", 1], ["LIMIT", 1]]
  [1m[36mMeal Create (0.3ms)[0m  [1m[32mINSERT INTO "meals" ("date", "meal", "ingredients", "nutrition", "notes", "target", "created_at", "updated_at", "user_id") VALUES (?, ?, ?, ?, ?, ?, ?, ?, ?)[0m  [["date", "2020-04-22"], ["meal", "Lunch"], ["ingredients", "1 cup 1% cottage cheese, 1 cup strawberries, 2 tbsp maple syrup"], ["nutrition", "313 calories, 44g carbs, 2.8g fats, 29g proteins"], ["notes", "Love this recipe! Optionally include 1 tsp vanilla extract for more flavor."], ["target", "1400 calories, 45% carbs, 25% fats, 30% proteins"], ["created_at", "2020-04-25 23:22:21.785404"], ["updated_at", "2020-04-25 23:22:21.785404"], ["user_id", 1]]
  [1m[35m (1.2ms)[0m  [1m[36mcommit transaction[0m
  [1m[35m (0.0ms)[0m  [1m[36mbegin transaction[0m
  [1m[36mUser Load (0.1ms)[0m  [1m[34mSELECT "users".* FROM "users" WHERE "users"."id" = ? LIMIT ?[0m  [["id", 1], ["LIMIT", 1]]
  [1m[36mMeal Create (0.3ms)[0m  [1m[32mINSERT INTO "meals" ("date", "meal", "ingredients", "nutrition", "notes", "target", "created_at", "updated_at", "user_id") VALUES (?, ?, ?, ?, ?, ?, ?, ?, ?)[0m  [["date", "2020-04-22"], ["meal", "Dinner"], ["ingredients", "2 slices whole wheat bread, 2 tbsp hummus, 3 oz red peppers, 0.25 cup onions, 0.5 cup spinach"], ["nutrition", "233 calories, 36.9g carbs, 4.9g fats, 10.1g proteins"], ["notes", "Red bell peppers can be roasted or raw."], ["target", "1400 calories, 45% carbs, 25% fats, 30% proteins"], ["created_at", "2020-04-25 23:22:21.791298"], ["updated_at", "2020-04-25 23:22:21.791298"], ["user_id", 1]]
  [1m[35m (0.8ms)[0m  [1m[36mcommit transaction[0m
  [1m[35m (0.1ms)[0m  [1m[36mbegin transaction[0m
  [1m[36mUser Load (0.1ms)[0m  [1m[34mSELECT "users".* FROM "users" WHERE "users"."id" = ? LIMIT ?[0m  [["id", 2], ["LIMIT", 1]]
  [1m[36mWorkout Create (0.3ms)[0m  [1m[32mINSERT INTO "workouts" ("date", "exercise", "reps", "sets", "status", "notes", "created_at", "updated_at", "user_id") VALUES (?, ?, ?, ?, ?, ?, ?, ?, ?)[0m  [["date", "2020-04-20"], ["exercise", "Tricep push ups"], ["reps", "20"], ["sets", "5"], ["status", 1], ["notes", "Mix with offset push ups next time!"], ["created_at", "2020-04-25 23:22:21.804783"], ["updated_at", "2020-04-25 23:22:21.804783"], ["user_id", 2]]
  [1m[35m (1.1ms)[0m  [1m[36mcommit transaction[0m
  [1m[35m (0.0ms)[0m  [1m[36mbegin transaction[0m
  [1m[36mUser Load (0.1ms)[0m  [1m[34mSELECT "users".* FROM "users" WHERE "users"."id" = ? LIMIT ?[0m  [["id", 2], ["LIMIT", 1]]
  [1m[36mWorkout Create (0.3ms)[0m  [1m[32mINSERT INTO "workouts" ("date", "exercise", "reps", "sets", "status", "notes", "created_at", "updated_at", "user_id") VALUES (?, ?, ?, ?, ?, ?, ?, ?, ?)[0m  [["date", "2020-04-20"], ["exercise", "Strict leg lowers"], ["reps", "20"], ["sets", "5"], ["status", 1], ["notes", "Use 5 lb ankle weights for increased difficulty."], ["created_at", "2020-04-25 23:22:21.810168"], ["updated_at", "2020-04-25 23:22:21.810168"], ["user_id", 2]]
  [1m[35m (1.1ms)[0m  [1m[36mcommit transaction[0m
  [1m[35m (0.0ms)[0m  [1m[36mbegin transaction[0m
  [1m[36mUser Load (0.1ms)[0m  [1m[34mSELECT "users".* FROM "users" WHERE "users"."id" = ? LIMIT ?[0m  [["id", 1], ["LIMIT", 1]]
  [1m[36mWorkout Create (0.3ms)[0m  [1m[32mINSERT INTO "workouts" ("date", "exercise", "reps", "sets", "status", "notes", "created_at", "updated_at", "user_id") VALUES (?, ?, ?, ?, ?, ?, ?, ?, ?)[0m  [["date", "2020-04-22"], ["exercise", "Frenchies"], ["reps", "5"], ["sets", "3"], ["status", 1], ["notes", "3 second hold each at 270, 90, and full lock off."], ["created_at", "2020-04-25 23:22:21.825199"], ["updated_at", "2020-04-25 23:22:21.825199"], ["user_id", 1]]
  [1m[35m (1.1ms)[0m  [1m[36mcommit transaction[0m
Started GET "/api/v1/meals" for ::1 at 2020-04-25 17:22:23 -0600
  [1m[35m (0.1ms)[0m  [1m[34mSELECT sqlite_version(*)[0m
Processing by Api::V1::MealsController#index as HTML
  [1m[36mMeal Load (0.2ms)[0m  [1m[34mSELECT "meals".* FROM "meals"[0m
  ↳ app/controllers/api/v1/meals_controller.rb:9:in `index'
Completed 200 OK in 13ms (Views: 9.3ms | ActiveRecord: 0.2ms | Allocations: 8082)


Started GET "/api/v1/workouts" for ::1 at 2020-04-25 17:22:34 -0600
Processing by Api::V1::WorkoutsController#index as HTML
  [1m[36mWorkout Load (0.2ms)[0m  [1m[34mSELECT "workouts".* FROM "workouts"[0m
  ↳ app/controllers/api/v1/workouts_controller.rb:9:in `index'
Completed 200 OK in 20ms (Views: 15.6ms | ActiveRecord: 0.8ms | Allocations: 8267)


Started GET "/api/v1/workouts" for ::1 at 2020-04-25 17:23:13 -0600
  [1m[35m (0.1ms)[0m  [1m[34mSELECT sqlite_version(*)[0m
Processing by Api::V1::WorkoutsController#index as HTML
  [1m[36mWorkout Load (0.1ms)[0m  [1m[34mSELECT "workouts".* FROM "workouts"[0m
  ↳ app/controllers/api/v1/workouts_controller.rb:9:in `index'
Completed 200 OK in 12ms (Views: 9.4ms | ActiveRecord: 1.1ms | Allocations: 8478)


Started GET "/api/v1/workouts" for ::1 at 2020-04-25 17:23:24 -0600
  [1m[35m (0.0ms)[0m  [1m[34mSELECT sqlite_version(*)[0m
Processing by Api::V1::WorkoutsController#index as HTML
  [1m[36mWorkout Load (0.3ms)[0m  [1m[34mSELECT "workouts".* FROM "workouts"[0m
  ↳ app/controllers/api/v1/workouts_controller.rb:9:in `index'
Completed 200 OK in 11ms (Views: 7.6ms | ActiveRecord: 1.0ms | Allocations: 8589)


Started GET "/api/v1/meals" for ::1 at 2020-04-25 17:23:29 -0600
Processing by Api::V1::MealsController#index as HTML
  [1m[36mMeal Load (0.2ms)[0m  [1m[34mSELECT "meals".* FROM "meals"[0m
  ↳ app/controllers/api/v1/meals_controller.rb:9:in `index'
Completed 200 OK in 13ms (Views: 8.2ms | ActiveRecord: 0.7ms | Allocations: 8121)


Started GET "/api/v1/meals" for ::1 at 2020-05-10 14:04:09 -0600
  [1m[35m (1.4ms)[0m  [1m[34mSELECT sqlite_version(*)[0m
  [1m[35m (0.4ms)[0m  [1m[34mSELECT "schema_migrations"."version" FROM "schema_migrations" ORDER BY "schema_migrations"."version" ASC[0m
Processing by Api::V1::MealsController#index as HTML
  [1m[36mMeal Load (0.4ms)[0m  [1m[34mSELECT "meals".* FROM "meals"[0m
  ↳ app/controllers/api/v1/meals_controller.rb:9:in `index'
Completed 200 OK in 19ms (Views: 12.2ms | ActiveRecord: 1.0ms | Allocations: 9198)


Started GET "/favicon.ico" for ::1 at 2020-05-10 14:04:10 -0600
  
ActionController::RoutingError (No route matches [GET] "/favicon.ico"):
  
actionpack (6.0.2.2) lib/action_dispatch/middleware/debug_exceptions.rb:36:in `call'
actionpack (6.0.2.2) lib/action_dispatch/middleware/show_exceptions.rb:33:in `call'
railties (6.0.2.2) lib/rails/rack/logger.rb:38:in `call_app'
railties (6.0.2.2) lib/rails/rack/logger.rb:26:in `block in call'
activesupport (6.0.2.2) lib/active_support/tagged_logging.rb:80:in `block in tagged'
activesupport (6.0.2.2) lib/active_support/tagged_logging.rb:28:in `tagged'
activesupport (6.0.2.2) lib/active_support/tagged_logging.rb:80:in `tagged'
railties (6.0.2.2) lib/rails/rack/logger.rb:26:in `call'
actionpack (6.0.2.2) lib/action_dispatch/middleware/remote_ip.rb:81:in `call'
actionpack (6.0.2.2) lib/action_dispatch/middleware/request_id.rb:27:in `call'
rack (2.2.2) lib/rack/runtime.rb:22:in `call'
activesupport (6.0.2.2) lib/active_support/cache/strategy/local_cache_middleware.rb:29:in `call'
actionpack (6.0.2.2) lib/action_dispatch/middleware/executor.rb:14:in `call'
actionpack (6.0.2.2) lib/action_dispatch/middleware/static.rb:126:in `call'
rack (2.2.2) lib/rack/sendfile.rb:110:in `call'
actionpack (6.0.2.2) lib/action_dispatch/middleware/host_authorization.rb:83:in `call'
rack-cors (1.1.1) lib/rack/cors.rb:100:in `call'
railties (6.0.2.2) lib/rails/engine.rb:526:in `call'
puma (4.3.3) lib/puma/configuration.rb:228:in `call'
puma (4.3.3) lib/puma/server.rb:682:in `handle_request'
puma (4.3.3) lib/puma/server.rb:472:in `process_client'
puma (4.3.3) lib/puma/server.rb:328:in `block in run'
puma (4.3.3) lib/puma/thread_pool.rb:134:in `block in spawn_thread'
Started GET "/api/v1/workouts" for ::1 at 2020-05-10 14:04:23 -0600
Processing by Api::V1::WorkoutsController#index as HTML
  [1m[36mWorkout Load (0.4ms)[0m  [1m[34mSELECT "workouts".* FROM "workouts"[0m
  ↳ app/controllers/api/v1/workouts_controller.rb:9:in `index'
Completed 200 OK in 16ms (Views: 11.3ms | ActiveRecord: 0.9ms | Allocations: 8459)


Started GET "/api/v1/users" for ::1 at 2020-05-10 14:04:33 -0600
Processing by Api::V1::UsersController#index as HTML
  [1m[36mUser Load (0.4ms)[0m  [1m[34mSELECT "users".* FROM "users"[0m
  ↳ app/controllers/api/v1/users_controller.rb:7:in `index'
Completed 200 OK in 15ms (Views: 7.0ms | ActiveRecord: 1.5ms | Allocations: 7375)


